2022-03-07 11:41:58.318800 [INFO] Zalando Scraper has been started
2022-03-07 11:41:59.966483 [ERROR] Could not retrieve model units and sizes | {"URL": "https://www.zalando.it/new-balance-bb550-unisex-sneakers-basse-white-ne215o05h-a12.html"}
2022-03-07 11:42:00.159858 [LOG] Article Message Sent | {"WEBHOOK": "https://discord.com/api/webhooks/895422954404466790/UZZmbfvqnXjZCTqPc4Dt1vHuWifW4BD4IA6sPvPXXCiUj_SM0R6L56I31XB2r6R9POpb", "ARTICLE-ID": "NE215O05H-A12"}
2022-03-07 11:42:00.922662 [ERROR] Could not retrieve model units and sizes | {"URL": "https://www.zalando.it/reebok-classic-club-revenge-sneakers-basse-white-re015o0fb-a11.html"}
2022-03-07 11:42:01.066826 [LOG] Article Message Sent | {"WEBHOOK": "https://discord.com/api/webhooks/895422954404466790/UZZmbfvqnXjZCTqPc4Dt1vHuWifW4BD4IA6sPvPXXCiUj_SM0R6L56I31XB2r6R9POpb", "ARTICLE-ID": "RE015O0FB-A11"}
2022-03-07 11:42:02.239385 [ERROR] Could not retrieve model units and sizes | {"URL": "https://www.zalando.it/adidas-originals-nmd-r1-v3-unisex-sneakers-basse-core-blackcore-blackcore-black-ad115o16n-q12.html"}
2022-03-07 11:42:02.388679 [LOG] Article Message Sent | {"WEBHOOK": "https://discord.com/api/webhooks/895422954404466790/UZZmbfvqnXjZCTqPc4Dt1vHuWifW4BD4IA6sPvPXXCiUj_SM0R6L56I31XB2r6R9POpb", "ARTICLE-ID": "AD115O16N-Q12"}
2022-03-07 11:42:03.258303 [ERROR] Could not retrieve model units and sizes | {"URL": "https://www.zalando.it/converse-chuck-taylor-all-star-flyease-hands-free-unisex-sneakers-basse-blackwild-mangowhite-co415o0js-q11.html"}
2022-03-07 11:42:03.442335 [LOG] Article Message Sent | {"WEBHOOK": "https://discord.com/api/webhooks/895422954404466790/UZZmbfvqnXjZCTqPc4Dt1vHuWifW4BD4IA6sPvPXXCiUj_SM0R6L56I31XB2r6R9POpb", "ARTICLE-ID": "CO415O0JS-Q11"}
2022-03-07 11:42:04.352839 [ERROR] Could not retrieve model units and sizes | {"URL": "https://www.zalando.it/converse-chuck-taylor-all-star-flyease-hands-free-unisex-sneakers-basse-whiteblackwild-mango-co415o0jq-a11.html"}
2022-03-07 11:42:04.508313 [LOG] Article Message Sent | {"WEBHOOK": "https://discord.com/api/webhooks/895422954404466790/UZZmbfvqnXjZCTqPc4Dt1vHuWifW4BD4IA6sPvPXXCiUj_SM0R6L56I31XB2r6R9POpb", "ARTICLE-ID": "CO415O0JQ-A11"}
2022-03-07 11:42:05.581449 [ERROR] Could not retrieve model units and sizes | {"URL": "https://www.zalando.it/converse-chuck-taylor-all-star-flyease-hands-free-unisex-sneakers-basse-ergetstringlight-silver-co415o0jl-a11.html"}
2022-03-07 11:42:05.746814 [LOG] Article Message Sent | {"WEBHOOK": "https://discord.com/api/webhooks/895422954404466790/UZZmbfvqnXjZCTqPc4Dt1vHuWifW4BD4IA6sPvPXXCiUj_SM0R6L56I31XB2r6R9POpb", "ARTICLE-ID": "CO415O0JL-A11"}
2022-03-07 11:44:31.616504 [INFO] Zalando Scraper has been started
2022-03-08 17:36:06.176853 [ERROR] Error while retrieving page | {"statusCode": 404}
2022-03-08 17:54:15.245588 [<_io.TextIOWrapper name='logs.log' mode='a+' encoding='UTF-8'>] Error while retrieving page|{"statusCode": 404}
2022-03-08 17:55:19.626513 [ERROR] Error while retrieving page|{"statusCode": 404}
2022-03-08 17:56:22.226452 [ERROR] Error while retrieving page|{"statusCode": 404}
2022-03-08 17:59:12.183249[31m [ERROR] Error while retrieving page|{"statusCode": 404}[39m
2022-03-08 17:59:42.434741[31m [ERROR] Error while retrieving page|{"statusCode": 404}[39m
2022-03-08 18:00:10.203286[31m [ERROR] Error while retrieving page | {"statusCode": 404}[39m
2022-03-08 18:02:20[31m [ERROR] Error while retrieving page | {"statusCode": 404}[39m
2022-03-08 18:04:38[31m ERROR Error while retrieving page | {"statusCode": 404}[39m
2022-03-08 18:04:52[31m [ERROR] Error while retrieving page | {"statusCode": 404}[39m
2022-03-08 18:08:06[31m [ERROR] Error while retrieving page | {"statusCode": 404}[39m
2022-03-08 18:08:18[31m [ERROR] Error while retrieving page | {"statusCode": 404}[39m
2022-03-08 18:09:22 [ERROR] Error while retrieving page | {"statusCode": 404}
2022-03-08 18:09:41[31m [ERROR] Error while retrieving page | {"statusCode": 404}[39m
2022-03-08 18:11:36[31m [ERROR] Error while retrieving page | {"statusCode": 404}[39m
2022-03-08 18:12:53[31m [ERROR] Error while retrieving page | {"statusCode": 404}[39m
2022-03-08 18:17:07[31m [ERROR] Error while retrieving page | {"statusCode": 404}[39m
2022-03-08 18:17:27[31m [ERROR] Error while retrieving page[39m
2022-03-08 18:17:46[31m [ERROR] Error while retrieving page[39m
2022-03-08 18:18:02[31m [ERROR] Error while retrieving page[39m
2022-03-08 18:18:08[31m [ERROR] Error while retrieving page[39m
2022-03-08 18:18:20[31m [ERROR] Error while retrieving page[39m
2022-03-08 18:18:32[31m [ERROR] Error while retrieving page[39m
2022-03-08 18:18:45[31m [ERROR] Error while retrieving page[39m
2022-03-08 18:18:52[31m [ERROR] Error while retrieving page[39m
2022-03-08 18:19:07[31m [ERROR] Error while retrieving page[39m
2022-03-08 18:19:42[31m [ERROR] Error while retrieving page[39m
2022-03-08 18:22:33[31m [ERROR] Error while retrieving page[39m
2022-03-08 18:22:42[31m [ERROR] Error while retrieving page[39m
2022-03-08 18:22:48[31m [ERROR] Error while retrieving page[39m
2022-03-08 18:22:56[31m [ERROR] Error while retrieving page[39m
2022-03-08 18:23:26[31m [ERROR] Error while retrieving page[39m
2022-03-08 18:23:38[31m [ERROR] Error while retrieving page[39m
2022-03-08 18:23:42[31m [ERROR] Error while retrieving page[39m
2022-03-08 18:24:03[31m [ERROR] Error while retrieving page[39m
2022-03-08 18:24:32[31m [ERROR] Error while retrieving page[39m
2022-03-08 18:24:42[31m [ERROR] Error while retrieving page[39m
2022-03-08 18:24:53[31m [ERROR] Error while retrieving page[39m
2022-03-08 18:24:58[31m [ERROR] Error while retrieving page[39m
2022-03-08 18:26:24[31m [ERROR] Error while retrieving page | {"statusCode": 404}[39m
2022-03-08 18:36:17[31m [ERROR] Error while retrieving page[39m
2022-03-08 18:36:34[31m [ERROR] Error while retrieving page | {"statusCode": 404}[39m
2022-03-08 18:40:35[31m [ERROR] Error while retrieving page | {"statusCode": 404}[39m
2022-03-08 18:40:54[31m [ERROR] Error while retrieving page | {"statusCode": 404}[39m
2022-03-08 18:41:05[31m [ERROR] Error while retrieving page | {"statusCode": 404}[39m
2022-03-08 18:41:11[31m [ERROR] Error while retrieving page | {"statusCode": 404}[39m
2022-03-08 18:41:24[31m [ERROR] Error while retrieving page | {"statusCode": 404}[39m
