[2022-03-12 23:29:21] - train - INFO - SimpleCNN(
  (conv1): Conv2d(3, 12, kernel_size=(3, 3), stride=(1, 1))
  (conv2): Conv2d(12, 24, kernel_size=(3, 3), stride=(1, 1))
  (conv3): Conv2d(24, 48, kernel_size=(3, 3), stride=(1, 1))
  (conv4): Conv2d(48, 96, kernel_size=(3, 3), stride=(1, 1))
  (fc1): Linear(in_features=3456, out_features=128, bias=True)
  (fc2): Linear(in_features=128, out_features=6, bias=True)
  (dropout): Dropout(p=0.5, inplace=False)
)

[2022-03-12 23:29:21] - train - WARNING - There's no GPU available on this machine,training will be performed on CPU.

[2022-03-12 23:29:28] - trainer - INFO -     epoch          : 1
[2022-03-12 23:29:28] - trainer - INFO -     loss           : 1.7641937732696533
[2022-03-12 23:29:28] - trainer - INFO -     accuracy       : 0.2782118055555555
[2022-03-12 23:29:28] - trainer - INFO -     top_k_acc      : 0.7111216329966329
[2022-03-12 23:29:28] - trainer - INFO - Saving checkpoint: saved\models\SimpleCNN_ZalandoScraper\0312_232921\checkpoints\checkpoint-epoch1.pth ...

[2022-03-12 23:29:36] - trainer - INFO -     epoch          : 2
[2022-03-12 23:29:36] - trainer - INFO -     loss           : 1.7341999808947246
[2022-03-12 23:29:36] - trainer - INFO -     accuracy       : 0.4053424873737374
[2022-03-12 23:29:36] - trainer - INFO -     top_k_acc      : 0.9063420664983165
[2022-03-12 23:29:36] - trainer - INFO - Saving checkpoint: saved\models\SimpleCNN_ZalandoScraper\0312_232921\checkpoints\checkpoint-epoch2.pth ...

[2022-03-12 23:29:44] - trainer - INFO -     epoch          : 3
[2022-03-12 23:29:44] - trainer - INFO -     loss           : 1.6981142958005269
[2022-03-12 23:29:44] - trainer - INFO -     accuracy       : 0.48016624579124584
[2022-03-12 23:29:44] - trainer - INFO -     top_k_acc      : 0.9033564814814815
[2022-03-12 23:29:44] - trainer - INFO - Saving checkpoint: saved\models\SimpleCNN_ZalandoScraper\0312_232921\checkpoints\checkpoint-epoch3.pth ...

[2022-03-12 23:29:52] - trainer - INFO -     epoch          : 4
[2022-03-12 23:29:52] - trainer - INFO -     loss           : 1.6465887029965718
[2022-03-12 23:29:52] - trainer - INFO -     accuracy       : 0.5032880892255892
[2022-03-12 23:29:52] - trainer - INFO -     top_k_acc      : 0.8998316498316498
[2022-03-12 23:29:52] - trainer - INFO - Saving checkpoint: saved\models\SimpleCNN_ZalandoScraper\0312_232921\checkpoints\checkpoint-epoch4.pth ...

[2022-03-12 23:30:00] - trainer - INFO -     epoch          : 5
[2022-03-12 23:30:00] - trainer - INFO -     loss           : 1.5830904642740886
[2022-03-12 23:30:00] - trainer - INFO -     accuracy       : 0.5169139309764309
[2022-03-12 23:30:00] - trainer - INFO -     top_k_acc      : 0.8858901515151515
[2022-03-12 23:30:00] - trainer - INFO - Saving checkpoint: saved\models\SimpleCNN_ZalandoScraper\0312_232921\checkpoints\checkpoint-epoch5.pth ...

